<?xml version="1.0" encoding="UTF-8"?>
<!-- Generated by org.testng.reporters.JUnitReportReporter -->
<testsuite hostname="DESKTOP-SC6JC3C" name="com.ActiTIME.Test.VerifyVersionTest" tests="2" failures="0" timestamp="9 Sep 2019 12:25:03 GMT" time="55.524" errors="0">
  <testcase name="VerifyVersion" time="29.077" classname="com.ActiTIME.Test.VerifyVersionTest"/>
  <testcase name="VerifyVersion" time="26.447" classname="com.ActiTIME.Test.VerifyVersionTest"/>
</testsuite> <!-- com.ActiTIME.Test.VerifyVersionTest -->
