<?xml version="1.0" encoding="UTF-8"?>
<!-- Generated by org.testng.reporters.JUnitReportReporter -->
<testsuite hostname="DESKTOP-SC6JC3C" name="com.ActiTIME.Test.VerifyVersionTest" tests="1" failures="0" timestamp="6 Sep 2019 12:25:18 GMT" time="30.448" errors="0">
  <testcase name="VerifyVersion" time="30.448" classname="com.ActiTIME.Test.VerifyVersionTest"/>
</testsuite> <!-- com.ActiTIME.Test.VerifyVersionTest -->
