<?xml version="1.0" encoding="UTF-8"?>
<!-- Generated by org.testng.reporters.JUnitReportReporter -->
<testsuite hostname="DESKTOP-SC6JC3C" name="com.ActiTIME.Test.ValidLoginLogout" tests="1" failures="0" timestamp="6 Sep 2019 12:25:18 GMT" time="81.516" errors="0">
  <testcase name="validLoginLogout" time="81.516" classname="com.ActiTIME.Test.ValidLoginLogout"/>
</testsuite> <!-- com.ActiTIME.Test.ValidLoginLogout -->
