<?xml version="1.0" encoding="UTF-8"?>
<!-- Generated by org.testng.reporters.JUnitReportReporter -->
<testsuite hostname="DESKTOP-SC6JC3C" name="com.ActiTIME.Test.VerifyBuildNoTest" tests="1" failures="0" timestamp="6 Sep 2019 12:25:18 GMT" time="61.508" errors="0">
  <testcase name="VerifyBuildno" time="61.508" classname="com.ActiTIME.Test.VerifyBuildNoTest"/>
</testsuite> <!-- com.ActiTIME.Test.VerifyBuildNoTest -->
