<?xml version="1.0" encoding="UTF-8"?>
<!-- Generated by org.testng.reporters.JUnitReportReporter -->
<testsuite hostname="DESKTOP-SC6JC3C" name="com.ActiTIME.Test.InvalidLoginTest" tests="1" failures="0" timestamp="6 Sep 2019 12:25:18 GMT" time="49.071" errors="0">
  <testcase name="InvalidLogin" time="49.071" classname="com.ActiTIME.Test.InvalidLoginTest"/>
</testsuite> <!-- com.ActiTIME.Test.InvalidLoginTest -->
